{"level":"info","message":"debug\n","timestamp":"2017-07-02T09:01:51.635Z"}
{"level":"info","message":"debug\n","timestamp":"2017-07-02T09:01:52.641Z"}
{"level":"info","message":"debug\n","timestamp":"2017-07-02T09:01:54.028Z"}
{"level":"info","message":"debug\n","timestamp":"2017-07-02T09:01:55.878Z"}
{"level":"info","message":"debug\n","timestamp":"2017-07-02T09:01:57.379Z"}
{"level":"info","message":"\u001b[0mGET /channels \u001b[32m200 \u001b[0m228.439 ms - 39\u001b[0m\n","timestamp":"2017-07-02T09:04:53.421Z"}
{"level":"info","message":"\u001b[0mGET /channels \u001b[32m200 \u001b[0m220.573 ms - 39\u001b[0m\n","timestamp":"2017-07-02T09:04:54.691Z"}
{"level":"info","message":"\u001b[0mGET /channels \u001b[32m200 \u001b[0m219.975 ms - 39\u001b[0m\n","timestamp":"2017-07-02T09:04:55.965Z"}
{"level":"info","message":"\u001b[0mGET /channels \u001b[32m200 \u001b[0m221.633 ms - 39\u001b[0m\n","timestamp":"2017-07-02T09:04:57.072Z"}
{"level":"info","message":"\u001b[0mGET /channels \u001b[32m200 \u001b[0m222.216 ms - 39\u001b[0m\n","timestamp":"2017-07-02T09:04:57.990Z"}
{"level":"info","message":"\u001b[0mGET /channels \u001b[32m200 \u001b[0m230.887 ms - 39\u001b[0m\n","timestamp":"2017-07-02T09:04:59.457Z"}
{"level":"info","message":"\u001b[0mGET /channels \u001b[32m200 \u001b[0m227.248 ms - 39\u001b[0m\n","timestamp":"2017-07-02T09:05:00.368Z"}
{"date":"Sun Jul 23 2017 01:10:53 GMT+0530 (India Standard Time)","process":{"pid":8876,"uid":null,"gid":null,"cwd":"D:\\DOCUMENT\\favourites\\programming\\projects\\learning\\NodeJS\\mibbit clone","execPath":"C:\\Program Files\\nodejs\\node.exe","version":"v7.10.0","argv":["C:\\Program Files\\nodejs\\node.exe","D:\\DOCUMENT\\favourites\\programming\\projects\\learning\\NodeJS\\mibbit clone\\server.js"],"memoryUsage":{"rss":12906496,"heapTotal":24338432,"heapUsed":20188168,"external":67059}},"os":{"loadavg":[0,0,0],"uptime":37477.6970582},"trace":[{"column":11,"file":"util.js","function":"exports._errnoException","line":1050,"method":"_errnoException","native":false},{"column":26,"file":"net.js","function":"TCP.onread","line":582,"method":"onread","native":false}],"stack":["Error: Redis connection to greeneye.redistogo.com:11341 failed - read ECONNRESET","    at exports._errnoException (util.js:1050:11)","    at TCP.onread (net.js:582:26)"],"level":"error","message":"uncaughtException: Redis connection to greeneye.redistogo.com:11341 failed - read ECONNRESET","timestamp":"2017-07-22T19:41:04.138Z"}
{"date":"Sun Jul 23 2017 10:46:30 GMT+0530 (India Standard Time)","process":{"pid":8876,"uid":null,"gid":null,"cwd":"D:\\DOCUMENT\\favourites\\programming\\projects\\learning\\NodeJS\\mibbit clone","execPath":"C:\\Program Files\\nodejs\\node.exe","version":"v7.10.0","argv":["C:\\Program Files\\nodejs\\node.exe","D:\\DOCUMENT\\favourites\\programming\\projects\\learning\\NodeJS\\mibbit clone\\server.js"],"memoryUsage":{"rss":16424960,"heapTotal":24338432,"heapUsed":20548288,"external":67059}},"os":{"loadavg":[0,0,0],"uptime":37560.4995727},"trace":[{"column":11,"file":"util.js","function":"Object.exports._errnoException","line":1050,"method":"_errnoException","native":false},{"column":20,"file":"util.js","function":"exports._exceptionWithHostPort","line":1073,"method":"_exceptionWithHostPort","native":false},{"column":14,"file":"net.js","function":"TCPConnectWrap.afterConnect [as oncomplete]","line":1093,"method":"afterConnect [as oncomplete]","native":false}],"stack":["Error: Redis connection to greeneye.redistogo.com:11341 failed - connect ETIMEDOUT 54.163.240.196:11341","    at Object.exports._errnoException (util.js:1050:11)","    at exports._exceptionWithHostPort (util.js:1073:20)","    at TCPConnectWrap.afterConnect [as oncomplete] (net.js:1093:14)"],"level":"error","message":"uncaughtException: Redis connection to greeneye.redistogo.com:11341 failed - connect ETIMEDOUT 54.163.240.196:11341","timestamp":"2017-07-23T05:16:35.155Z"}
{"date":"Sun Jul 23 2017 10:46:39 GMT+0530 (India Standard Time)","process":{"pid":8876,"uid":null,"gid":null,"cwd":"D:\\DOCUMENT\\favourites\\programming\\projects\\learning\\NodeJS\\mibbit clone","execPath":"C:\\Program Files\\nodejs\\node.exe","version":"v7.10.0","argv":["C:\\Program Files\\nodejs\\node.exe","D:\\DOCUMENT\\favourites\\programming\\projects\\learning\\NodeJS\\mibbit clone\\server.js"],"memoryUsage":{"rss":17428480,"heapTotal":24338432,"heapUsed":20682472,"external":67059}},"os":{"loadavg":[0,0,0],"uptime":37564.6085945},"trace":[{"column":23,"file":"D:\\DOCUMENT\\favourites\\programming\\projects\\learning\\NodeJS\\mibbit clone\\node_modules\\redis\\index.js","function":"RedisClient.flush_and_error","line":357,"method":"flush_and_error","native":false},{"column":14,"file":"D:\\DOCUMENT\\favourites\\programming\\projects\\learning\\NodeJS\\mibbit clone\\node_modules\\redis\\index.js","function":"RedisClient.connection_gone","line":659,"method":"connection_gone","native":false},{"column":14,"file":"D:\\DOCUMENT\\favourites\\programming\\projects\\learning\\NodeJS\\mibbit clone\\node_modules\\redis\\index.js","function":null,"line":289,"method":null,"native":false},{"column":19,"file":"events.js","function":"Object.onceWrapper","line":293,"method":"onceWrapper","native":false},{"column":13,"file":"events.js","function":"emitOne","line":96,"method":null,"native":false},{"column":7,"file":"events.js","function":"Socket.emit","line":191,"method":"emit","native":false},{"column":12,"file":"net.js","function":"TCP._handle.close [as _onclose]","line":511,"method":"close [as _onclose]","native":false}],"stack":["AbortError: Redis connection lost and command aborted. It might have been processed.","    at RedisClient.flush_and_error (D:\\DOCUMENT\\favourites\\programming\\projects\\learning\\NodeJS\\mibbit clone\\node_modules\\redis\\index.js:357:23)","    at RedisClient.connection_gone (D:\\DOCUMENT\\favourites\\programming\\projects\\learning\\NodeJS\\mibbit clone\\node_modules\\redis\\index.js:659:14)","    at Socket.<anonymous> (D:\\DOCUMENT\\favourites\\programming\\projects\\learning\\NodeJS\\mibbit clone\\node_modules\\redis\\index.js:289:14)","    at Object.onceWrapper (events.js:293:19)","    at emitOne (events.js:96:13)","    at Socket.emit (events.js:191:7)","    at TCP._handle.close [as _onclose] (net.js:511:12)"],"level":"error","message":"uncaughtException: Redis connection lost and command aborted. It might have been processed.","timestamp":"2017-07-23T05:16:39.765Z"}
{"level":"info","message":"\u001b[0mGET / \u001b[33m404 \u001b[0m3.169 ms - 139\u001b[0m\n","timestamp":"2017-07-30T08:19:17.004Z"}
{"level":"info","message":"\u001b[0mGET /channels \u001b[32m200 \u001b[0m27979.703 ms - 2\u001b[0m\n","timestamp":"2017-07-30T08:20:12.595Z"}
{"level":"info","message":"\u001b[0mPOST /channels \u001b[31m500 \u001b[0m9947.726 ms - 2674\u001b[0m\n","timestamp":"2017-07-30T08:32:12.411Z"}
{"level":"info","message":"\u001b[0mPOST /channels \u001b[31m500 \u001b[0m2463.925 ms - 2674\u001b[0m\n","timestamp":"2017-07-30T08:33:00.680Z"}
{"level":"info","message":"\u001b[0mPOST /channels \u001b[32m200 \u001b[0m68694.269 ms - 4\u001b[0m\n","timestamp":"2017-07-30T08:34:55.314Z"}
{"level":"info","message":"\u001b[0mPOST /channels \u001b[32m200 \u001b[0m8689.894 ms - 4\u001b[0m\n","timestamp":"2017-07-30T08:44:12.578Z"}
{"level":"info","message":"\u001b[0mPOST /channels \u001b[32m200 \u001b[0m13832.520 ms - 4\u001b[0m\n","timestamp":"2017-07-30T08:45:23.796Z"}
{"level":"info","message":"\u001b[0mPOST /channels \u001b[31m500 \u001b[0m6736.372 ms - 2682\u001b[0m\n","timestamp":"2017-07-30T09:36:29.371Z"}
{"level":"info","message":"\u001b[0mPOST /channels \u001b[0m- \u001b[0m- ms - -\u001b[0m\n","timestamp":"2017-07-30T09:41:43.094Z"}
{"level":"info","message":"\u001b[0mPOST /channels \u001b[33m400 \u001b[0m6285.752 ms - 2\u001b[0m\n","timestamp":"2017-07-30T09:43:16.104Z"}
{"level":"info","message":"\u001b[0mPOST /channels \u001b[33m400 \u001b[0m3985.929 ms - 31\u001b[0m\n","timestamp":"2017-07-30T09:44:08.281Z"}
{"level":"info","message":"\u001b[0mPOST /channels \u001b[33m400 \u001b[0m5080.934 ms - 31\u001b[0m\n","timestamp":"2017-07-30T09:44:55.801Z"}
{"level":"info","message":"\u001b[0mPOST /channels \u001b[33m400 \u001b[0m257.522 ms - 31\u001b[0m\n","timestamp":"2017-07-30T09:45:07.024Z"}
{"level":"info","message":"\u001b[0mPOST /channels \u001b[32m200 \u001b[0m1321.868 ms - 4\u001b[0m\n","timestamp":"2017-07-30T09:45:18.905Z"}
{"level":"info","message":"\u001b[0mGET /channels \u001b[32m200 \u001b[0m5161.737 ms - 24\u001b[0m\n","timestamp":"2017-07-30T09:48:30.471Z"}
{"level":"info","message":"\u001b[0mGET /channels/djs \u001b[0m- \u001b[0m- ms - -\u001b[0m\n","timestamp":"2017-07-30T11:00:45.878Z"}
{"level":"info","message":"\u001b[0mGET /channels/djs \u001b[32m200 \u001b[0m495.979 ms - 92\u001b[0m\n","timestamp":"2017-07-30T11:01:34.139Z"}
{"level":"info","message":"\u001b[0mGET /channels/djs \u001b[32m200 \u001b[0m499.336 ms - 92\u001b[0m\n","timestamp":"2017-07-30T11:01:42.773Z"}
{"level":"info","message":"\u001b[0mGET /channels/sdf \u001b[31m500 \u001b[0m251.825 ms - 2\u001b[0m\n","timestamp":"2017-07-30T11:01:53.573Z"}
{"level":"info","message":"\u001b[0mGET /channels/sdf \u001b[0m- \u001b[0m- ms - -\u001b[0m\n","timestamp":"2017-07-30T11:17:25.876Z"}
{"level":"info","message":"\u001b[0mGET /channels/sdf \u001b[31m500 \u001b[0m4667.058 ms - 2\u001b[0m\n","timestamp":"2017-07-30T11:18:34.903Z"}
{"level":"info","message":"\u001b[0mGET /channels/sdf \u001b[31m500 \u001b[0m230.231 ms - 2\u001b[0m\n","timestamp":"2017-07-30T11:19:34.554Z"}
{"level":"info","message":"\u001b[0mGET /channels/sdf \u001b[33m400 \u001b[0m8796.593 ms - 15\u001b[0m\n","timestamp":"2017-07-30T11:21:02.130Z"}
{"level":"info","message":"\u001b[0mGET /channels/sdf \u001b[33m400 \u001b[0m246.291 ms - 15\u001b[0m\n","timestamp":"2017-07-30T11:47:13.384Z"}
{"level":"info","message":"\u001b[0mGET /channels/sdf \u001b[33m400 \u001b[0m5496.768 ms - 13\u001b[0m\n","timestamp":"2017-07-30T11:48:44.082Z"}
{"level":"info","message":"\u001b[0mGET /channels/sdf \u001b[33m400 \u001b[0m262.546 ms - 34\u001b[0m\n","timestamp":"2017-07-30T11:49:20.386Z"}
{"level":"info","message":"\u001b[0mGET /channels/sdf \u001b[33m400 \u001b[0m226.518 ms - 40\u001b[0m\n","timestamp":"2017-07-30T11:53:12.589Z"}
{"level":"info","message":"\u001b[0mGET /channels/djs \u001b[32m200 \u001b[0m450.927 ms - 92\u001b[0m\n","timestamp":"2017-07-30T11:53:41.360Z"}
{"level":"info","message":"\u001b[0mGET /channels/sdf \u001b[33m400 \u001b[0m230.965 ms - 40\u001b[0m\n","timestamp":"2017-07-30T11:53:46.134Z"}
{"level":"info","message":"\u001b[0mGET /channels/sdf \u001b[33m400 \u001b[0m6491.308 ms - 40\u001b[0m\n","timestamp":"2017-07-30T12:50:56.446Z"}
{"level":"info","message":"\u001b[0mGET /channels/djs \u001b[32m200 \u001b[0m11249.870 ms - 92\u001b[0m\n","timestamp":"2017-07-30T12:51:16.334Z"}
{"level":"info","message":"\u001b[0mPUT /channels/djs \u001b[31m500 \u001b[0m25966.415 ms - 2649\u001b[0m\n","timestamp":"2017-07-30T12:58:07.433Z"}
{"level":"info","message":"\u001b[0mPUT /channels/djs \u001b[33m400 \u001b[0m7557.632 ms - 15\u001b[0m\n","timestamp":"2017-07-30T12:59:27.257Z"}
{"level":"info","message":"\u001b[0mPUT /channels/djs \u001b[32m200 \u001b[0m84752.260 ms - 26\u001b[0m\n","timestamp":"2017-07-30T13:01:28.746Z"}
{"date":"Sun Jul 30 2017 18:31:28 GMT+0530 (India Standard Time)","process":{"pid":2148,"uid":null,"gid":null,"cwd":"d:\\DOCUMENT\\favourites\\programming\\projects\\learning\\NodeJS\\mibbit clone","execPath":"C:\\Program Files\\nodejs\\node.exe","version":"v7.10.0","argv":["C:\\Program Files\\nodejs\\node.exe","d:\\DOCUMENT\\favourites\\programming\\projects\\learning\\NodeJS\\mibbit clone\\server.js"],"memoryUsage":{"rss":63590400,"heapTotal":35348480,"heapUsed":26652256,"external":66371}},"os":{"loadavg":[0,0,0],"uptime":13482.4831317},"trace":[{"column":12,"file":"d:\\DOCUMENT\\favourites\\programming\\projects\\learning\\NodeJS\\mibbit clone\\node_modules\\redis-parser\\lib\\parser.js","function":"parseError","line":193,"method":null,"native":false},{"column":14,"file":"d:\\DOCUMENT\\favourites\\programming\\projects\\learning\\NodeJS\\mibbit clone\\node_modules\\redis-parser\\lib\\parser.js","function":"parseType","line":303,"method":null,"native":false}],"stack":["ReplyError: ERR wrong number of arguments for 'hset' command","    at parseError (d:\\DOCUMENT\\favourites\\programming\\projects\\learning\\NodeJS\\mibbit clone\\node_modules\\redis-parser\\lib\\parser.js:193:12)","    at parseType (d:\\DOCUMENT\\favourites\\programming\\projects\\learning\\NodeJS\\mibbit clone\\node_modules\\redis-parser\\lib\\parser.js:303:14)"],"level":"error","message":"uncaughtException: ERR wrong number of arguments for 'hset' command","timestamp":"2017-07-30T13:01:29.798Z"}
{"level":"info","message":"\u001b[0mPUT /channels/djs \u001b[0m- \u001b[0m- ms - -\u001b[0m\n","timestamp":"2017-07-30T13:11:50.975Z"}
{"level":"info","message":"\u001b[0mPUT /channels/djs \u001b[32m200 \u001b[0m48073.206 ms - 26\u001b[0m\n","timestamp":"2017-07-30T13:21:41.269Z"}
{"date":"Sun Jul 30 2017 18:51:41 GMT+0530 (India Standard Time)","process":{"pid":8820,"uid":null,"gid":null,"cwd":"d:\\DOCUMENT\\favourites\\programming\\projects\\learning\\NodeJS\\mibbit clone","execPath":"C:\\Program Files\\nodejs\\node.exe","version":"v7.10.0","argv":["C:\\Program Files\\nodejs\\node.exe","d:\\DOCUMENT\\favourites\\programming\\projects\\learning\\NodeJS\\mibbit clone\\server.js"],"memoryUsage":{"rss":61263872,"heapTotal":30105600,"heapUsed":26693032,"external":66371}},"os":{"loadavg":[0,0,0],"uptime":14693.9764718},"trace":[{"column":12,"file":"d:\\DOCUMENT\\favourites\\programming\\projects\\learning\\NodeJS\\mibbit clone\\node_modules\\redis-parser\\lib\\parser.js","function":"parseError","line":193,"method":null,"native":false},{"column":14,"file":"d:\\DOCUMENT\\favourites\\programming\\projects\\learning\\NodeJS\\mibbit clone\\node_modules\\redis-parser\\lib\\parser.js","function":"parseType","line":303,"method":null,"native":false}],"stack":["ReplyError: ERR wrong number of arguments for 'hset' command","    at parseError (d:\\DOCUMENT\\favourites\\programming\\projects\\learning\\NodeJS\\mibbit clone\\node_modules\\redis-parser\\lib\\parser.js:193:12)","    at parseType (d:\\DOCUMENT\\favourites\\programming\\projects\\learning\\NodeJS\\mibbit clone\\node_modules\\redis-parser\\lib\\parser.js:303:14)"],"level":"error","message":"uncaughtException: ERR wrong number of arguments for 'hset' command","timestamp":"2017-07-30T13:21:41.291Z"}
{"level":"info","message":"\u001b[0mPUT /channels/djs \u001b[31m500 \u001b[0m26008.059 ms - 54\u001b[0m\n","timestamp":"2017-07-30T13:23:29.745Z"}
{"level":"info","message":"\u001b[0mPUT /channels/djs \u001b[32m200 \u001b[0m60057.145 ms - 26\u001b[0m\n","timestamp":"2017-07-30T13:25:10.929Z"}
{"date":"Sun Jul 30 2017 18:55:10 GMT+0530 (India Standard Time)","process":{"pid":3532,"uid":null,"gid":null,"cwd":"d:\\DOCUMENT\\favourites\\programming\\projects\\learning\\NodeJS\\mibbit clone","execPath":"C:\\Program Files\\nodejs\\node.exe","version":"v7.10.0","argv":["C:\\Program Files\\nodejs\\node.exe","d:\\DOCUMENT\\favourites\\programming\\projects\\learning\\NodeJS\\mibbit clone\\server.js"],"memoryUsage":{"rss":63430656,"heapTotal":35872768,"heapUsed":27010352,"external":66371}},"os":{"loadavg":[0,0,0],"uptime":14903.6325948},"trace":[{"column":12,"file":"d:\\DOCUMENT\\favourites\\programming\\projects\\learning\\NodeJS\\mibbit clone\\node_modules\\redis-parser\\lib\\parser.js","function":"parseError","line":193,"method":null,"native":false},{"column":14,"file":"d:\\DOCUMENT\\favourites\\programming\\projects\\learning\\NodeJS\\mibbit clone\\node_modules\\redis-parser\\lib\\parser.js","function":"parseType","line":303,"method":null,"native":false}],"stack":["ReplyError: ERR wrong number of arguments for 'hset' command","    at parseError (d:\\DOCUMENT\\favourites\\programming\\projects\\learning\\NodeJS\\mibbit clone\\node_modules\\redis-parser\\lib\\parser.js:193:12)","    at parseType (d:\\DOCUMENT\\favourites\\programming\\projects\\learning\\NodeJS\\mibbit clone\\node_modules\\redis-parser\\lib\\parser.js:303:14)"],"level":"error","message":"uncaughtException: ERR wrong number of arguments for 'hset' command","timestamp":"2017-07-30T13:25:10.947Z"}
{"level":"info","message":"\u001b[0mPUT /channels/djs \u001b[32m200 \u001b[0m67412.899 ms - 26\u001b[0m\n","timestamp":"2017-07-30T13:35:10.660Z"}
{"level":"info","message":"\u001b[0mPUT /channels/-- \u001b[31m500 \u001b[0m6037.929 ms - 54\u001b[0m\n","timestamp":"2017-07-30T13:48:45.972Z"}
{"level":"info","message":"\u001b[0mPUT /channels/-- \u001b[31m500 \u001b[0m781.774 ms - 54\u001b[0m\n","timestamp":"2017-07-30T13:48:55.110Z"}
{"level":"info","message":"\u001b[0mPUT /channels/sjif/sd \u001b[33m404 \u001b[0m2.536 ms - 155\u001b[0m\n","timestamp":"2017-07-30T13:49:05.242Z"}
{"level":"info","message":"\u001b[0mPUT /channels/sji \u001b[31m500 \u001b[0m445.353 ms - 54\u001b[0m\n","timestamp":"2017-07-30T13:49:20.945Z"}
{"level":"info","message":"\u001b[0mPUT /channels/coders \u001b[31m500 \u001b[0m870.433 ms - 54\u001b[0m\n","timestamp":"2017-07-30T13:49:26.373Z"}
{"level":"info","message":"\u001b[0mPUT /channels/coders \u001b[31m500 \u001b[0m958.009 ms - 54\u001b[0m\n","timestamp":"2017-07-30T13:49:56.855Z"}
{"level":"info","message":"\u001b[0mPUT /channels/djs \u001b[32m200 \u001b[0m669.155 ms - 26\u001b[0m\n","timestamp":"2017-07-30T13:50:20.482Z"}
{"level":"info","message":"\u001b[0mPUT /channels/coders \u001b[32m200 \u001b[0m77349.259 ms - 26\u001b[0m\n","timestamp":"2017-07-30T13:53:33.607Z"}
{"level":"info","message":"\u001b[0mPUT /channels/coders \u001b[32m200 \u001b[0m675.571 ms - 26\u001b[0m\n","timestamp":"2017-07-30T13:54:10.528Z"}
{"level":"info","message":"\u001b[0mPUT /channels/coders \u001b[32m200 \u001b[0m685.077 ms - 11\u001b[0m\n","timestamp":"2017-07-30T17:41:38.631Z"}
{"level":"info","message":"\u001b[0mPOST /channels/coders/join \u001b[33m404 \u001b[0m1.722 ms - 160\u001b[0m\n","timestamp":"2017-07-30T17:42:46.300Z"}
{"level":"info","message":"\u001b[0mPOST /channels//join \u001b[33m404 \u001b[0m0.503 ms - 154\u001b[0m\n","timestamp":"2017-07-30T17:43:17.424Z"}
{"level":"info","message":"\u001b[0mPOST /channels/join/coders \u001b[33m404 \u001b[0m2.518 ms - 160\u001b[0m\n","timestamp":"2017-07-30T17:44:27.333Z"}
{"level":"info","message":"\u001b[0mPOST /channels/join/coders \u001b[33m404 \u001b[0m2.071 ms - 160\u001b[0m\n","timestamp":"2017-07-30T17:45:04.077Z"}
{"level":"info","message":"\u001b[0mPOST /channels/coders/join \u001b[33m400 \u001b[0m81600.461 ms - 41\u001b[0m\n","timestamp":"2017-07-30T17:48:02.314Z"}
{"level":"info","message":"\u001b[0mPOST /channels/coders/join \u001b[32m200 \u001b[0m67590.787 ms - 4\u001b[0m\n","timestamp":"2017-07-30T17:53:39.885Z"}
{"level":"info","message":"\u001b[0mPOST /channels/coders/join \u001b[32m200 \u001b[0m894.596 ms - 4\u001b[0m\n","timestamp":"2017-07-30T18:03:05.561Z"}
{"level":"info","message":"\u001b[0mPOST /channels/coders/djs \u001b[33m404 \u001b[0m3.093 ms - 159\u001b[0m\n","timestamp":"2017-07-30T18:03:16.863Z"}
{"level":"info","message":"\u001b[0mPOST /channels/djs \u001b[33m404 \u001b[0m1.368 ms - 152\u001b[0m\n","timestamp":"2017-07-30T18:03:29.976Z"}
{"level":"info","message":"\u001b[0mPOST /channels/djs/join \u001b[33m400 \u001b[0m707.074 ms - 59\u001b[0m\n","timestamp":"2017-07-30T18:03:41.661Z"}
{"level":"info","message":"\u001b[0mPOST /channels/djs/join \u001b[33m400 \u001b[0m508.965 ms - 45\u001b[0m\n","timestamp":"2017-07-30T18:06:10.790Z"}
{"level":"info","message":"\u001b[0mPOST /channels/djs/join \u001b[32m200 \u001b[0m1352.487 ms - 4\u001b[0m\n","timestamp":"2017-07-30T18:06:54.408Z"}
{"level":"info","message":"\u001b[0mPOST /channels/djs/join \u001b[32m200 \u001b[0m994.592 ms - 4\u001b[0m\n","timestamp":"2017-07-30T18:07:05.710Z"}
{"level":"info","message":"\u001b[0mPOST /channels/djs/join \u001b[32m200 \u001b[0m1009.642 ms - 4\u001b[0m\n","timestamp":"2017-07-30T18:07:18.347Z"}
{"level":"info","message":"\u001b[0mPOST /channels/nerds/join \u001b[0m- \u001b[0m- ms - -\u001b[0m\n","timestamp":"2017-08-07T05:36:29.897Z"}
{"level":"info","message":"\u001b[0mPOST /channels/nerds/join \u001b[33m400 \u001b[0m710.533 ms - 80\u001b[0m\n","timestamp":"2017-08-07T05:36:33.323Z"}
{"level":"info","message":"\u001b[0mPOST /channels/nerds/join \u001b[33m400 \u001b[0m151065.066 ms - 80\u001b[0m\n","timestamp":"2017-08-07T05:46:57.596Z"}
{"level":"info","message":"\u001b[0mPOST /channels/nerds/join \u001b[0m- \u001b[0m- ms - -\u001b[0m\n","timestamp":"2017-08-07T05:49:10.960Z"}
{"date":"Mon Aug 07 2017 11:22:35 GMT+0530 (India Standard Time)","process":{"pid":9164,"uid":null,"gid":null,"cwd":"d:\\DOCUMENT\\favourites\\programming\\projects\\learning\\NodeJS\\mibbit clone","execPath":"C:\\Program Files\\nodejs\\node.exe","version":"v7.10.0","argv":["C:\\Program Files\\nodejs\\node.exe","d:\\DOCUMENT\\favourites\\programming\\projects\\learning\\NodeJS\\mibbit clone\\server.js"],"memoryUsage":{"rss":59039744,"heapTotal":33251328,"heapUsed":25798136,"external":68321}},"os":{"loadavg":[0,0,0],"uptime":43155.3051203},"trace":[{"column":11,"file":"util.js","function":"exports._errnoException","line":1050,"method":"_errnoException","native":false},{"column":26,"file":"net.js","function":"TCP.onread","line":582,"method":"onread","native":false}],"stack":["Error: Redis connection to greeneye.redistogo.com:11341 failed - read ECONNRESET","    at exports._errnoException (util.js:1050:11)","    at TCP.onread (net.js:582:26)"],"level":"error","message":"uncaughtException: Redis connection to greeneye.redistogo.com:11341 failed - read ECONNRESET","timestamp":"2017-08-07T05:52:35.427Z"}
{"date":"Mon Aug 07 2017 11:22:35 GMT+0530 (India Standard Time)","process":{"pid":9164,"uid":null,"gid":null,"cwd":"d:\\DOCUMENT\\favourites\\programming\\projects\\learning\\NodeJS\\mibbit clone","execPath":"C:\\Program Files\\nodejs\\node.exe","version":"v7.10.0","argv":["C:\\Program Files\\nodejs\\node.exe","d:\\DOCUMENT\\favourites\\programming\\projects\\learning\\NodeJS\\mibbit clone\\server.js"],"memoryUsage":{"rss":59641856,"heapTotal":33775616,"heapUsed":26052576,"external":76513}},"os":{"loadavg":[0,0,0],"uptime":43155.5266485},"trace":[{"column":10,"file":"dns.js","function":"errnoException","line":28,"method":null,"native":false},{"column":26,"file":"dns.js","function":"GetAddrInfoReqWrap.onlookup [as oncomplete]","line":73,"method":"onlookup [as oncomplete]","native":false}],"stack":["Error: Redis connection to greeneye.redistogo.com:11341 failed - getaddrinfo ENOTFOUND greeneye.redistogo.com greeneye.redistogo.com:11341","    at errnoException (dns.js:28:10)","    at GetAddrInfoReqWrap.onlookup [as oncomplete] (dns.js:73:26)"],"level":"error","message":"uncaughtException: Redis connection to greeneye.redistogo.com:11341 failed - getaddrinfo ENOTFOUND greeneye.redistogo.com greeneye.redistogo.com:11341","timestamp":"2017-08-07T05:52:35.645Z"}
